make.exe all --print-data-base --no-builtin-variables --no-builtin-rules --question
# GNU Make 3.82.90
# Built for i686-pc-mingw32
# Copyright (C) 1988-2012 Free Software Foundation, Inc.
# License GPLv3+: GNU GPL version 3 or later <http://gnu.org/licenses/gpl.html>
# This is free software: you are free to change and redistribute it.
# There is NO WARRANTY, to the extent permitted by law.
 

# Make data base, printed on Fri Jun 03 15:05:42 2022

# Variables

# automatic
<D = $(patsubst %/,%,$(patsubst %\,%,$(dir $<)))
# automatic
?F = $(notdir $?)
# default
.SHELLFLAGS := -c
# makefile
MAKEFLAGS = Rrqp
# environment
VSCODE_LOG_NATIVE = false
# automatic
?D = $(patsubst %/,%,$(patsubst %\,%,$(dir $?)))
# automatic
@D = $(patsubst %/,%,$(patsubst %\,%,$(dir $@)))
# environment
HOMEDRIVE = C:
# automatic
@F = $(notdir $@)
# automatic
^D = $(patsubst %/,%,$(patsubst %\,%,$(dir $^)))
# makefile
CURDIR := c:/Users/way/node_modules/gentelella
# default
SHELL := D:/Programs/Git/bin/sh.exe
# environment
WINDIR = C:\WINDOWS
# environment
VSCODE_NLS_CONFIG = {"locale":"en-us","availableLanguages":{},"_languagePackSupport":true}
# environment
VBOX_MSI_INSTALL_PATH = D:\Programs\Oracle\VirtualBox\
# environment
ONEDRIVE = C:\Users\way\OneDrive
# environment
PATHEXT = .COM;.EXE;.BAT;.CMD;.VBS;.VBE;.JS;.JSE;.WSF;.WSH;.MSC
# makefile
MAKEFILE_LIST := 
# environment
TMP = C:\Users\way\AppData\Local\Temp
# environment
VSCODE_VERBOSE_LOGGING = true
# environment
PROGRAMW6432 = C:\Program Files
# environment
PROGRAMDATA = C:\ProgramData
# environment
VSCODE_IPC_HOOK_EXTHOST = \\.\pipe\vscode-ipc-50d7ae37-866f-4003-a9fe-44bb3fa53aac-sock
# environment
VSCODE_CWD = D:\Programs\VSCode
# environment
PATH = C:\WINDOWS\system32;C:\WINDOWS;C:\WINDOWS\System32\Wbem;C:\WINDOWS\System32\WindowsPowerShell\v1.0\;C:\WINDOWS\System32\OpenSSH\;C:\Program Files (x86)\NVIDIA Corporation\PhysX\Common;D:\Programs\nodejs\;C:\Program Files\dotnet\;D:\Programs\Git\cmd;C:\Program Files (x86)\HP\IdrsOCR_15.2.10.1114\;C:\Program Files\Docker\Docker\resources\bin;C:\ProgramData\DockerDesktop\version-bin;D:\Programs\Python\Python36\Scripts\;D:\Programs\Python\Python36\;C:\Users\way\AppData\Local\Microsoft\WindowsApps;D:\MinGW\bin;D:\Programs\CMake\bin;D:\Programs\Git\bin;D:\Programs\sqlite;C:\Users\way\AppData\Roaming\npm;D:\Programs\nasm-2.15.05;D:\Programs\gradle-7.4\bin;D:\Programs\gcc-arm-none-eabi-10.3-2021.10\bin;D:\Programs\openocd-v0.11.0\bin;D:\SEPrograms\x64dbg\release\x32;D:\SEPrograms\x64dbg\release\x64;D:\Programs\SysinternalsSuite;D:\Programs\fasm;D:\Programs\apache-ant-1.9.16\bin;D:\Programs\VSCode;D:\Programs\openjdk\jdk-17.0.2\bin;
# environment
COMMONPROGRAMW6432 = C:\Program Files\Common Files
# environment
PROCESSOR_ARCHITECTURE = x86
# environment
USERPROFILE = C:\Users\way
# environment
ALLUSERSPROFILE = C:\ProgramData
# environment
VSCODE_LOG_STACK = false
# environment
NUMBER_OF_PROCESSORS = 8
# environment
ELECTRON_RUN_AS_NODE = 1
# default
.FEATURES := target-specific order-only second-expansion else-if shortest-stem undefine oneshell archives jobserver
# automatic
%F = $(notdir $%)
# environment
CHROME_CRASHPAD_PIPE_NAME = \\.\pipe\crashpad_12440_STKPSFSFPHHDEXDH
# environment
VSCODE_PIPE_LOGGING = true
# environment
COMPUTERNAME = LAPTOP-WAY
# environment
PROGRAMFILES = C:\Program Files (x86)
# environment
DRIVERDATA = C:\Windows\System32\Drivers\DriverData
# environment
ORIGINAL_XDG_CURRENT_DESKTOP = undefined
# environment
USERNAME = way
# environment
PUBLIC = C:\Users\Public
# environment
VSCODE_AMD_ENTRYPOINT = vs/workbench/services/extensions/node/extensionHostProcess
# environment
VSCODE_PORTABLE = D:\Programs\VSCode\data
# environment
VSCODE_CODE_CACHE_PATH = D:\Programs\VSCode\data\user-data\CachedData\f80445acd5a3dadef24aa209168452a3d97cc326
# environment
APPLICATION_INSIGHTS_NO_DIAGNOSTIC_CHANNEL = 1
# environment
COMMONPROGRAMFILES = C:\Program Files (x86)\Common Files
# environment
LOGONSERVER = \\LAPTOP-WAY
# environment
ONEDRIVECONSUMER = C:\Users\way\OneDrive
# environment
VSCODE_HANDLES_UNCAUGHT_ERRORS = true
# environment
USERDOMAIN = LAPTOP-WAY
# environment
MAKELEVEL := 0
# default
MAKE = $(MAKE_COMMAND)
# default
MAKECMDGOALS := all
# environment
JAVA_HOME = D:\Programs\openjdk\jdk-17.0.2\
# default
MAKE_VERSION := 3.82.90
# makefile
.DEFAULT_GOAL := 
# environment
CLASSPATH = D:\Programs\openjdk\jdk-17.0.2\lib;C:\Users\way\Downloads\lucene-9.2.0\lucene-9.2.0\modules;
# environment
PROGRAMFILES(X86) = C:\Program Files (x86)
# automatic
%D = $(patsubst %/,%,$(patsubst %\,%,$(dir $%)))
# environment
LOCALAPPDATA = C:\Users\way\AppData\Local
# environment
PSMODULEPATH = C:\Program Files\WindowsPowerShell\Modules;C:\WINDOWS\system32\WindowsPowerShell\v1.0\Modules
# default
MAKE_COMMAND := make.exe
# environment
PROCESSOR_ARCHITEW6432 = AMD64
# default
.VARIABLES := 
# automatic
*F = $(notdir $*)
# environment
PROCESSOR_IDENTIFIER = Intel64 Family 6 Model 158 Stepping 10, GenuineIntel
# environment
OS = Windows_N 
T
# environment
VSCODE_IPC_HOOK = \\.\pipe\b095f18014262fc1c418086a740f8750-1.64.2-main-sock
# environment
HOMEPATH = \Users\way
# environment
COMMONPROGRAMFILES(X86) = C:\Program Files (x86)\Common Files
# environment
PROMPT = $P$G
# environment
MFLAGS = -Rrqp
# automatic
*D = $(patsubst %/,%,$(patsubst %\,%,$(dir $*)))
# environment
SYSTEMROOT = C:\WINDOWS
# automatic
+D = $(patsubst %/,%,$(patsubst %\,%,$(dir $+)))
# automatic
+F = $(notdir $+)
# environment
APPDATA = C:\Users\way\AppData\Roaming
# environment
TEMP = C:\Users\way\AppData\Local\Temp
# environment
COMSPEC = C:\WINDOWS\system32\cmd.exe
# default
MAKEFILES := 
# automatic
<F = $(notdir $<)
# environment
LC_ALL = C
# automatic
^F = $(notdir $^)
# default
SUFFIXES := 
# environment
SYSTEMDRIVE = C:
# environment
SESSIONNAME = Console
# environment
PROCESSOR_REVISION = 9e0a
# default
.RECIPEPREFIX := 
# environment
LANG = C
# environment
PROCESSOR_LEVEL = 6
# environment
VSCODE_PID = 12440
# environment
USERDOMAIN_ROAMINGPROFILE = LAPTOP-WAY
# variable set hash-table stats:
# Load=93/1024=9%, Rehash=0, Collisions=12/107=11%

# Pattern-specific Variable Values

# No pattern-specific variable values.

# Directories

# C:\ProgramData\DockerDesktop\version-bin: could not be stat'd.
# D:\Programs\nodejs\ (key D:/Programs/nodejs/, mtime 1646319894): 13 files, no impossibilities.
# C:\WINDOWS\System32\WindowsPowerShell\v1.0\ (key C:/WINDOWS/System32/WindowsPowerShell/v1.0/, mtime 1645159749): 32 files, no impossibilities.
# . (key c:/Users/way/node_modules/gentelella, mtime 1654174915): 16 files, no impossibilities.
# C:\Program Files (x86)\HP\IdrsOCR_15.2.10.1114\ (key C:/Program Files (x86)/HP/IdrsOCR_15.2.10.1114/, mtime 1651806275): 88 files, no impossibilities.
# C:\WINDOWS\System32\OpenSSH\: could not be stat'd.
# D:\MinGW\bin (key D:/MinGW/bin, mtime 1645117672): 61 files, no impossibilities.
# C:\Program Files (x86)\NVIDIA Corporation\PhysX\Common (key C:/Program Files (x86)/NVIDIA Corporation/PhysX/Common, mtime 1646045626): 10 files, no impossibilities.
# D:\Programs\Python\Python36\ (key D:/Programs/Python/Python36/, mtime 1651979506): 18 files, no impossibilities.
# C:\WINDOWS (key C:/WINDOWS, mtime 1649208429): 108 files, no impossibilities.
# D:\Programs\Git\bin (key D:/Programs/Git/bin, mtime 1650803960): 5 files, no impossibilities so far.
# D:\Programs\Python\Python36\Scripts\ (key D:/Programs/Python/Python36/Scripts/, mtime 1653272446): 30 files, no impossibilities.
# C:\Program Files\Docker\Docker\resources\bin (key C:/Program Files/Docker/Docker/resources/bin, mtime 1653273304): 13 files, no impossibilities.
# D:\Programs\Git\cmd (key D:/Programs/Git/cmd, mtime 1650804013): 8 files, no impossibilities.
# C:\WINDOWS\System32\Wbem (key C:/WINDOWS/System32/Wbem, mtime 1652453710): 172 files, no impossibilities.
# D:\Programs\CMake\bin (key D:/Programs/CMake/bin, mtime 1645117796): 7 files, no impossibilities.
# C:\Program Files\dotnet\ (key C:/Program Files/dotnet/, mtime 1649594533): 8 files, no impossibilities.
# C:\Users\way\AppData\Local\Microsoft\WindowsApps (key C:/Users/way/AppData/Local/Microsoft/WindowsApps, mtime 1653729712): 25 files, no impossibilities.
# C:\WINDOWS\system32 (key C:/WINDOWS/system32, mtime 1653272073): 3102 files, no impossibilities.

# 3716 files, no impossibilities in 19 directories.

# Implicit Rules

# No implicit rules.

# Files

# Not a target:
all:
#  Command line target.
#  Implicit rule search has been done.
#  File does not exist.
#  File has not been updated.

# Not a target:
.SUFFIXES:
#  Implicit rule search has not been done.
#  Modification time never checked.
#  File has not been updated.

# Not a target:
Makefile:
#  Implicit rule search has been done.
#  File does not exist.
#  File has been updated.
#  Failed to be updated.

# Not a target:
makefile:
#  Implicit rule search has been done.
#  File does not exist.
#  File has been updated.
#  Failed to be updated.

# Not a target:
.DEFAULT:
#  Implicit rule search has not been done.
#  Modification time never checked.
#  File has not been updated.

# Not a target:
GNUmakefile:
#  Implicit rule search has been done.
#  File does not exist.
#  File has been updated.
#  Failed to be updated.

# files hash-table stats:
# Load=6/1024=1%, Rehash=0, Collisions=0/15=0%
# VPATH Search Paths

# No 'vpath' search paths.

# No general ('VPATH' variable) search path.

# strcache buffers: 7 (6) / strings = 3679 / storage = 55872 B / avg = 15 B
# current buf: size = 8174 B / used = 6874 B / count = 451 / avg = 15 B
# other used: total = 47698 B / count = 3228 / avg = 14 B
# other free: total = 46 B / max = 13 B / min = 5 B / avg = 7 B

# strcache performance: lookups = 3742 / hit rate = 1%
# hash-table stats:
# Load=3679/8192=45%, Rehash=0, Collisions=1378/3742=37%
# Finished Make data base on Fri Jun 03 15:05:42 2022

 
make.exe: *** No rule to make target 'all'.  Stop.

